C51 COMPILER V9.59.0.0   MAIN                                                              07/01/2026 00:47:56 PAGE 1   


C51 COMPILER V9.59.0.0, COMPILATION OF MODULE MAIN
OBJECT MODULE PLACED IN .\Objects\main.obj
COMPILER INVOKED BY: D:\keil\C51\BIN\C51.EXE main.c OPTIMIZE(8,SPEED) BROWSE DEBUG OBJECTEXTEND PRINT(.\Listings\main.ls
                    -t) TABS(2) OBJECT(.\Objects\main.obj)

line level    source

   1          #include <REGX52.H>
   2          #include <INTRINS.H>
   3          
   4          typedef unsigned int u16; //对系统默认数据类型进行重定义
   5          typedef unsigned char u8;
   6          
   7          #define LED_PORT  P2  //使用宏定义P2端口
   8          
   9          void delay_10us(u16 ten_us)
  10          {
  11   1        while(ten_us--);  
  12   1      }
  13          void main()
  14          { 
  15   1          u8 i=0;
  16   1      
  17   1        LED_PORT=~0x01;
  18   1        delay_10us(50000);
  19   1        while(1)
  20   1        {
  21   2          //方法1：使用移位+循环实现流水灯
  22   2      //    for(i=0;i<8;i++)
  23   2      //    {
  24   2      //      LED_PORT=~(0x01<<i);  //将1右移i位，然后取反将结果赋值到LED_PORT
  25   2      //      delay_10us(50000);
  26   2      //    }
  27   2          
  28   2          //方法2：使用循环+_crol_或_cror_函数实现流水灯
  29   2          for(i=0;i<7;i++)   //将led左移一位
  30   2          {                   
  31   3            LED_PORT=_crol_(LED_PORT,1);
  32   3            delay_10us(50000);  
  33   3          }
  34   2          for(i=0;i<7;i++)  //将led右移一位
  35   2          {
  36   3            LED_PORT=_cror_(LED_PORT,1);
  37   3            delay_10us(50000);  
  38   3          } 
  39   2        }   
  40   1      }


MODULE INFORMATION:   STATIC OVERLAYABLE
   CODE SIZE        =     83    ----
   CONSTANT SIZE    =   ----    ----
   XDATA SIZE       =   ----    ----
   PDATA SIZE       =   ----    ----
   DATA SIZE        =   ----    ----
   IDATA SIZE       =   ----    ----
   BIT SIZE         =   ----    ----
END OF MODULE INFORMATION.


C51 COMPILATION COMPLETE.  0 WARNING(S),  0 ERROR(S)
