C51 COMPILER V9.59.0.0   MAIN_KEIL______                                                   07/01/2026 18:57:58 PAGE 1   


C51 COMPILER V9.59.0.0, COMPILATION OF MODULE MAIN_KEIL______
OBJECT MODULE PLACED IN .\Objects\main-keilН·ОДјю.obj
COMPILER INVOKED BY: D:\keil\C51\BIN\C51.EXE main-keilН·ОДјю.c OPTIMIZE(8,SPEED) BROWSE DEBUG OBJECTEXTEND PRINT(.\Listi
                    -ngs\main-keilН·ОДјю.lst) TABS(2) OBJECT(.\Objects\main-keilН·ОДјю.obj)

line level    source

   1          #include <reg52.h>      // еҢ…еҗ« 8051 еҚ•зүҮжңәзү№ж®ҠеҠҹиғҪеҜ„еӯҳеҷЁе’Ңз«ҜеҸЈе®ҡд№ү
   2          #include <intrins.h>     // еҢ…еҗ« Keil еҶ…иҒ”еҮҪж•°пјҢдҫӢеҰӮеҫӘзҺҜз§»дҪҚеҮҪж•°
   3          
   4          // е»¶ж—¶еҮҪж•°пјҢtime и¶ҠеӨ§е»¶ж—¶и¶Ҡй•ҝ
   5          void delay(unsigned int time)
   6          {
   7   1          unsigned int i, j;
   8   1          for (i = 0; i < time; i++)
   9   1              for (j = 0; j < 120; j++);
  10   1      }
  11          
  12          void main(void)
  13          {
  14   1          unsigned char x = 0xFE; // еҲқе§Ӣз§»дҪҚж•°жҚ®пјҡ1111 1110пјҢз”ЁдәҺжҺ§еҲ¶ P2 еҸЈ LED
  15   1          while (1)
  16   1          {
  17   2              P2 = x;               // иҫ“еҮәеҪ“еүҚз§»дҪҚз»“жһңеҲ° P2 еҸЈ
  18   2              delay(500);           // е»¶ж—¶пјҢдҫҝдәҺи§ӮеҜҹ LED зҒҜе…үз§»еҠЁ
  19   2              x = _crol_(x, 1);     // еҫӘзҺҜе·Ұз§» 1 дҪҚпјҢе®һзҺ°зҺҜеҪўжөҒж°ҙж•Ҳжһң
  20   2          }
  21   1      }


MODULE INFORMATION:   STATIC OVERLAYABLE
   CODE SIZE        =     57    ----
   CONSTANT SIZE    =   ----    ----
   XDATA SIZE       =   ----    ----
   PDATA SIZE       =   ----    ----
   DATA SIZE        =   ----    ----
   IDATA SIZE       =   ----    ----
   BIT SIZE         =   ----    ----
END OF MODULE INFORMATION.


C51 COMPILATION COMPLETE.  0 WARNING(S),  0 ERROR(S)
