C51 COMPILER V9.59.0.0   MAIN                                                              07/01/2026 00:21:36 PAGE 1   


C51 COMPILER V9.59.0.0, COMPILATION OF MODULE MAIN
OBJECT MODULE PLACED IN .\Objects\main.obj
COMPILER INVOKED BY: D:\keil\C51\BIN\C51.EXE main.c OPTIMIZE(8,SPEED) BROWSE DEBUG OBJECTEXTEND PRINT(.\Listings\main.ls
                    -t) TABS(2) OBJECT(.\Objects\main.obj)

line level    source

   1          #include <REGX52.H>
   2          //延时函数
   3          void Delay(unsigned int t)
   4          {
   5   1          unsigned int i, j;
   6   1          for(i = t; i > 0; i--)
   7   1          {
   8   2              for(j = 110; j > 0; j--);
   9   2          }
  10   1      }
  11          void main(void)
  12          {
  13   1          while(1)
  14   1          {
  15   2              P2 = 0x00; // 点亮LED（LED连接在P2.0-P2.7）
  16   2              Delay(500); // 延时500ms
  17   2              P2 = 0xFF; // 熄灭LED
  18   2              Delay(500); // 延时500ms
  19   2          }
  20   1      }
  21          
  22          
  23          
  24          
  25          /*
  26          // 定义LED引脚，通常开发板上的LED连接到P2.0
  27          sbit LED = P2^0;
  28          
  29          // 简单延时函数，约为几百毫秒，供LED闪烁使用
  30          void Delay(void)
  31          {
  32              unsigned int i, j;
  33              for(i = 0; i < 200; i++)
  34              {
  35                  for(j = 0; j < 200; j++);
  36              }
  37          }
  38          
  39          void main(void)
  40          {
  41              // 初始化LED为熄灭状态（高电平或低电平取决于硬件）
  42              LED = 1; // 通常LED为低电平点亮，如果实际相反请改为LED = 0
  43          
  44              while(1)
  45              {
  46                  LED = 0;   // 点亮LED
  47                  Delay();   // 延时
  48                  LED = 1;   // 熄灭LED
  49                  Delay();   // 延时
  50              }
  51          }
  52          */


C51 COMPILER V9.59.0.0   MAIN                                                              07/01/2026 00:21:36 PAGE 2   

MODULE INFORMATION:   STATIC OVERLAYABLE
   CODE SIZE        =     52    ----
   CONSTANT SIZE    =   ----    ----
   XDATA SIZE       =   ----    ----
   PDATA SIZE       =   ----    ----
   DATA SIZE        =   ----    ----
   IDATA SIZE       =   ----    ----
   BIT SIZE         =   ----    ----
END OF MODULE INFORMATION.


C51 COMPILATION COMPLETE.  0 WARNING(S),  0 ERROR(S)
